<?xml version="1.0" encoding="UTF-8"?>
<testng-results skipped="0" failed="0" ignored="0" total="1" passed="1">
  <reporter-output>
    <line>
      <![CDATA[<div "result">PHP Travel Home Page opens in browser (PASSED : 14s)</div>]]>
    </line>
    <line>
      <![CDATA[<div "result">I login to PHP Travel with Username and Password (PASSED : 0s)</div>]]>
    </line>
    <line>
      <![CDATA[<div "result">Page navigate to PHP Travel Home Page (PASSED : 0s)</div>]]>
    </line>
  </reporter-output>
  <suite name="Default suite" duration-ms="25494" started-at="2018-11-01T07:59:13Z" finished-at="2018-11-01T07:59:39Z">
    <groups>
      <group name="cucumber">
        <method signature="AbstractTestNGCucumberTests.runScenario(cucumber.api.testng.PickleEventWrapper, cucumber.api.testng.CucumberFeatureWrapper)[pri:0, instance:com.peterwkc.Runner.TestRunner@eb21112]" name="runScenario" class="cucumber.api.testng.AbstractTestNGCucumberTests"/>
      </group> <!-- cucumber -->
    </groups>
    <test name="Default test" duration-ms="25494" started-at="2018-11-01T07:59:13Z" finished-at="2018-11-01T07:59:39Z">
      <class name="com.peterwkc.Runner.TestRunner">
        <test-method status="PASS" signature="setUp()[pri:0, instance:com.peterwkc.Runner.TestRunner@eb21112]" name="setUp" is-config="true" duration-ms="10875" started-at="2018-11-01T07:59:13Z" finished-at="2018-11-01T07:59:24Z">
          <reporter-output>
          </reporter-output>
        </test-method> <!-- setUp -->
        <test-method status="PASS" signature="setUpClass()[pri:0, instance:com.peterwkc.Runner.TestRunner@eb21112]" name="setUpClass" is-config="true" duration-ms="10" started-at="2018-11-01T07:59:24Z" finished-at="2018-11-01T07:59:24Z">
          <reporter-output>
          </reporter-output>
        </test-method> <!-- setUpClass -->
        <test-method status="PASS" signature="runScenario(cucumber.api.testng.PickleEventWrapper, cucumber.api.testng.CucumberFeatureWrapper)[pri:0, instance:com.peterwkc.Runner.TestRunner@eb21112]" name="runScenario" duration-ms="14376" started-at="2018-11-01T07:59:24Z" description="Runs Cucumber Scenarios" data-provider="scenarios" finished-at="2018-11-01T07:59:39Z">
          <params>
            <param index="0">
              <value>
                <![CDATA["Valid Login"]]>
              </value>
            </param>
            <param index="1">
              <value>
                <![CDATA["Login to PHP Travel"]]>
              </value>
            </param>
          </params>
          <reporter-output>
            <line>
              <![CDATA[<div "result">PHP Travel Home Page opens in browser (PASSED : 14s)</div>]]>
            </line>
            <line>
              <![CDATA[<div "result">I login to PHP Travel with Username and Password (PASSED : 0s)</div>]]>
            </line>
            <line>
              <![CDATA[<div "result">Page navigate to PHP Travel Home Page (PASSED : 0s)</div>]]>
            </line>
          </reporter-output>
        </test-method> <!-- runScenario -->
        <test-method status="PASS" signature="tearDownClass()[pri:0, instance:com.peterwkc.Runner.TestRunner@eb21112]" name="tearDownClass" is-config="true" duration-ms="107" started-at="2018-11-01T07:59:39Z" finished-at="2018-11-01T07:59:39Z">
          <reporter-output>
          </reporter-output>
        </test-method> <!-- tearDownClass -->
        <test-method status="PASS" signature="tearDown()[pri:0, instance:com.peterwkc.Runner.TestRunner@eb21112]" name="tearDown" is-config="true" duration-ms="26" started-at="2018-11-01T07:59:39Z" finished-at="2018-11-01T07:59:39Z">
          <reporter-output>
          </reporter-output>
        </test-method> <!-- tearDown -->
      </class> <!-- com.peterwkc.Runner.TestRunner -->
    </test> <!-- Default test -->
  </suite> <!-- Default suite -->
</testng-results>
